INFO - 2023-07-05 09:25:55 --> Session: Class initialized using 'CodeIgniter\Session\Handlers\FileHandler' driver.
INFO - 2023-07-05 09:53:14 --> Session: Class initialized using 'CodeIgniter\Session\Handlers\FileHandler' driver.
CRITICAL - 2023-07-05 09:53:19 --> Undefined variable $product
in APPPATH\Views\admin\pengguna\edit.php on line 19.
 1 APPPATH\Views\admin\pengguna\edit.php(19): CodeIgniter\Debug\Exceptions->errorHandler(2, 'Undefined variable $product', 'C:\\xampp\\htdocs\\web_spmi\\app\\Views\\admin\\pengguna\\edit.php', 19)
 2 SYSTEMPATH\View\View.php(213): include('C:\\xampp\\htdocs\\web_spmi\\app\\Views\\admin\\pengguna\\edit.php')
 3 SYSTEMPATH\View\View.php(216): CodeIgniter\View\View->CodeIgniter\View\{closure}()
 4 SYSTEMPATH\Common.php(1184): CodeIgniter\View\View->render('/admin/pengguna/edit', [], true)
 5 APPPATH\Controllers\Pengguna.php(44): view('/admin/pengguna/edit', [...])
 6 SYSTEMPATH\CodeIgniter.php(934): App\Controllers\Pengguna->edit('1')
 7 SYSTEMPATH\CodeIgniter.php(499): CodeIgniter\CodeIgniter->runController(Object(App\Controllers\Pengguna))
 8 SYSTEMPATH\CodeIgniter.php(368): CodeIgniter\CodeIgniter->handleRequest(null, Object(Config\Cache), false)
 9 FCPATH\index.php(67): CodeIgniter\CodeIgniter->run()
10 SYSTEMPATH\Commands\Server\rewrite.php(47): require_once('C:\\xampp\\htdocs\\web_spmi\\public\\index.php')
CRITICAL - 2023-07-05 09:53:49 --> Undefined variable $product
in APPPATH\Views\admin\pengguna\edit.php on line 19.
 1 APPPATH\Views\admin\pengguna\edit.php(19): CodeIgniter\Debug\Exceptions->errorHandler(2, 'Undefined variable $product', 'C:\\xampp\\htdocs\\web_spmi\\app\\Views\\admin\\pengguna\\edit.php', 19)
 2 SYSTEMPATH\View\View.php(213): include('C:\\xampp\\htdocs\\web_spmi\\app\\Views\\admin\\pengguna\\edit.php')
 3 SYSTEMPATH\View\View.php(216): CodeIgniter\View\View->CodeIgniter\View\{closure}()
 4 SYSTEMPATH\Common.php(1184): CodeIgniter\View\View->render('/admin/pengguna/edit', [], true)
 5 APPPATH\Controllers\Pengguna.php(44): view('/admin/pengguna/edit', [...])
 6 SYSTEMPATH\CodeIgniter.php(934): App\Controllers\Pengguna->edit('1')
 7 SYSTEMPATH\CodeIgniter.php(499): CodeIgniter\CodeIgniter->runController(Object(App\Controllers\Pengguna))
 8 SYSTEMPATH\CodeIgniter.php(368): CodeIgniter\CodeIgniter->handleRequest(null, Object(Config\Cache), false)
 9 FCPATH\index.php(67): CodeIgniter\CodeIgniter->run()
10 SYSTEMPATH\Commands\Server\rewrite.php(47): require_once('C:\\xampp\\htdocs\\web_spmi\\public\\index.php')
